0 info it worked if it ends with ok
1 verbose cli [ 'C:\\Program Files\\nodejs\\node.exe',
1 verbose cli   'C:\\Program Files\\nodejs\\node_modules\\npm\\bin\\npm-cli.js',
1 verbose cli   'run',
1 verbose cli   'dev' ]
2 info using npm@3.10.10
3 info using node@v6.10.0
4 verbose run-script [ 'predev', 'dev', 'postdev' ]
5 info lifecycle vue2@~predev: vue2@
6 silly lifecycle vue2@~predev: no script for predev, continuing
7 info lifecycle vue2@~dev: vue2@
8 verbose lifecycle vue2@~dev: unsafe-perm in lifecycle true
9 verbose lifecycle vue2@~dev: PATH: C:\Program Files\nodejs\node_modules\npm\bin\node-gyp-bin;E:\银川项目3\过程\应用软件\银川\前端\管理后台\node_modules\.bin;C:\ProgramData\Oracle\Java\javapath;C:\Ruby23-x64\bin;C:\Program Files (x86)\Intel\iCLS Client\;C:\Program Files\Intel\iCLS Client\;C:\Windows\system32;C:\Windows;C:\Windows\System32\Wbem;C:\Windows\System32\WindowsPowerShell\v1.0\;C:\Program Files\Intel\Intel(R) Management Engine Components\DAL;C:\Program Files\Intel\Intel(R) Management Engine Components\IPT;C:\Program Files (x86)\Intel\Intel(R) Management Engine Components\DAL;C:\Program Files (x86)\Intel\Intel(R) Management Engine Components\IPT;C:\Program Files\nodejs\;C:\Program Files\Java\jdk1.8.0_121\bin;C:\Program Files\Java\jdk1.8.0_121\jre\bin;C:\Program Files\Git\cmd;C:\Program Files\TortoiseSVN\bin;F:\android-sdk-windows\platform-tools;F:\android-sdk-windows\tools;F:\android-sdk-windows\platform-tools;F:\android-sdk-windows\tools;C:\Users\Administrator\AppData\Local\Programs\Python\Python36\Scripts\;C:\Users\Administrator\AppData\Local\Programs\Python\Python36\;C:\Users\Administrator\AppData\Local\.meteor\;C:\Users\Administrator\AppData\Roaming\npm;C:\Program Files\Docker Toolbox;C:\Program Files (x86)\SSH Communications Security\SSH Secure Shell;C:\Program Files (x86)\Egret\Egret Wing 3\bin;C:\Program Files\Microsoft VS Code\bin
10 verbose lifecycle vue2@~dev: CWD: E:\银川项目3\过程\应用软件\银川\前端\管理后台
11 silly lifecycle vue2@~dev: Args: [ '/d /s /c',
11 silly lifecycle   'cross-env NODE_ENV=development webpack-dev-server --open --inline --hot' ]
12 silly lifecycle vue2@~dev: Returned: code: 3221225786  signal: null
13 info lifecycle vue2@~dev: Failed to exec dev script
14 verbose stack Error: vue2@ dev: `cross-env NODE_ENV=development webpack-dev-server --open --inline --hot`
14 verbose stack Exit status 3221225786
14 verbose stack     at EventEmitter.<anonymous> (C:\Program Files\nodejs\node_modules\npm\lib\utils\lifecycle.js:255:16)
14 verbose stack     at emitTwo (events.js:106:13)
14 verbose stack     at EventEmitter.emit (events.js:191:7)
14 verbose stack     at ChildProcess.<anonymous> (C:\Program Files\nodejs\node_modules\npm\lib\utils\spawn.js:40:14)
14 verbose stack     at emitTwo (events.js:106:13)
14 verbose stack     at ChildProcess.emit (events.js:191:7)
14 verbose stack     at maybeClose (internal/child_process.js:877:16)
14 verbose stack     at Process.ChildProcess._handle.onexit (internal/child_process.js:226:5)
15 verbose pkgid vue2@
16 verbose cwd E:\银川项目3\过程\应用软件\银川\前端\管理后台
17 error Windows_NT 6.1.7601
18 error argv "C:\\Program Files\\nodejs\\node.exe" "C:\\Program Files\\nodejs\\node_modules\\npm\\bin\\npm-cli.js" "run" "dev"
19 error node v6.10.0
20 error npm  v3.10.10
21 error code ELIFECYCLE
22 error vue2@ dev: `cross-env NODE_ENV=development webpack-dev-server --open --inline --hot`
22 error Exit status 3221225786
23 error Failed at the vue2@ dev script 'cross-env NODE_ENV=development webpack-dev-server --open --inline --hot'.
23 error Make sure you have the latest version of node.js and npm installed.
23 error If you do, this is most likely a problem with the vue2 package,
23 error not with npm itself.
23 error Tell the author that this fails on your system:
23 error     cross-env NODE_ENV=development webpack-dev-server --open --inline --hot
23 error You can get information on how to open an issue for this project with:
23 error     npm bugs vue2
23 error Or if that isn't available, you can get their info via:
23 error     npm owner ls vue2
23 error There is likely additional logging output above.
24 verbose exit [ 1, true ]
